STELE — seeded-random verification model, full generation (simulation)
======================================================================
model    : ternary/int8 selective SSM, weights seeded-random (seed 0xC0FFEE)
config   : D_MODEL=64 N_LAYERS=2 D_STATE=16 D_INNER=128 VOCAB=128
memory   : weights 0x0.. state 0x40000.. scratch 0x50000.. (all in HyperRAM)

boot     : 64 CSR bytes over uio (cfg_mode=1):
           00 06 00 08 00 01 00 40 00 02 00 80 00 10 00 04
           00 04 00 80 00 00 00 00 00 00 00 04 00 00 00 05
           00 08 00 01 00 00 00 01 25 80 0a 00 10 00 10 80
           15 00 15 80 1d 80 4b 00 53 00 08 00 00 00 00 00
input    : prompt token 1 (BOS) via host_drive/in_valid

output   : 8 tokens in 3466024 clk cycles
  step   rtl  golden  match
     0     1       1  ok
     1     1       1  ok
     2     1       1  ok
     3    85      85  ok
     4    11      11  ok
     5    70      70  ok
     6   112     112  ok
     7    31      31  ok

state    : layer 0 final h  [c0] =    6   -2  -17   -3    9    9  -29   -7   -8   -7   -6    0    1    1    1   13   golden match: ok
state    : layer 1 final h  [c0] =    2    1    4   -1    4   -8    3   10   -2  -14   -1    2    4   -5   -8    0   golden match: ok
scratch  : final residual x[0:16] =   75  -80   27   41 -108   62  -70   -9    9  -41   16   25   18  -83  103   35

bit-exact vs golden trace : PASS
tCSM violations           : 0
